{
  "RSpec": {
    "coverage": {
      "/home/developer/task/invoice-image-app/check-invoice-app/app/models/check_invoice.rb": {
        "lines": [
          null,
          null,
          null,
          null,
          null,
          null,
          null,
          null,
          null,
          null,
          null,
          null,
          null,
          null,
          null,
          null,
          null,
          null,
          null,
          null,
          1,
          1,
          1,
          null
        ]
      },
      "/home/developer/task/invoice-image-app/check-invoice-app/app/models/application_record.rb": {
        "lines": [
          1,
          1,
          null
        ]
      },
      "/home/developer/task/invoice-image-app/check-invoice-app/app/models/check.rb": {
        "lines": [
          null,
          null,
          null,
          null,
          null,
          null,
          null,
          null,
          null,
          null,
          null,
          null,
          null,
          null,
          null,
          null,
          null,
          null,
          1,
          null,
          1,
          null,
          1,
          1,
          null,
          1,
          1,
          null,
          1,
          1,
          null,
          null,
          1,
          3,
          null,
          2,
          null,
          0,
          0,
          null,
          null
        ]
      },
      "/home/developer/task/invoice-image-app/check-invoice-app/app/models/company.rb": {
        "lines": [
          null,
          null,
          null,
          null,
          null,
          null,
          null,
          null,
          null,
          1,
          1,
          1,
          null,
          1,
          null
        ]
      },
      "/home/developer/task/invoice-image-app/check-invoice-app/app/models/invoice.rb": {
        "lines": [
          null,
          null,
          null,
          null,
          null,
          null,
          null,
          null,
          null,
          null,
          null,
          null,
          null,
          null,
          null,
          null,
          null,
          null,
          1,
          1,
          1,
          1,
          null,
          1,
          null
        ]
      },
      "/home/developer/task/invoice-image-app/check-invoice-app/app/controllers/checks_controller.rb": {
        "lines": [
          1,
          1,
          1,
          2,
          null,
          2,
          2,
          2,
          3,
          null,
          null,
          null,
          1,
          1,
          null,
          1,
          6,
          6,
          null,
          6,
          3,
          3,
          3,
          null,
          3,
          9,
          9,
          9,
          null,
          0,
          0,
          null,
          0,
          null,
          null,
          null,
          3,
          null,
          3,
          4,
          3,
          3,
          1,
          null,
          null,
          null,
          null,
          null,
          null,
          3,
          null,
          null,
          3,
          4,
          4,
          4,
          null,
          null,
          null,
          null,
          1,
          null,
          1,
          6,
          null,
          null
        ]
      },
      "/home/developer/task/invoice-image-app/check-invoice-app/app/controllers/application_controller.rb": {
        "lines": [
          1,
          null,
          1,
          null
        ]
      },
      "/home/developer/task/invoice-image-app/check-invoice-app/app/controllers/companies_controller.rb": {
        "lines": [
          1,
          1,
          2,
          null,
          2,
          2,
          2,
          3,
          null,
          null,
          null
        ]
      },
      "/home/developer/task/invoice-image-app/check-invoice-app/app/controllers/invoices_controller.rb": {
        "lines": [
          1,
          1,
          2,
          null,
          2,
          2,
          3,
          null,
          null,
          null
        ]
      },
      "/home/developer/task/invoice-image-app/check-invoice-app/app/controllers/check_invoices_controller.rb": {
        "lines": [
          0,
          0
        ],
        "branches": {}
      },
      "/home/developer/task/invoice-image-app/check-invoice-app/app/helpers/application_helper.rb": {
        "lines": [
          0,
          0
        ],
        "branches": {}
      },
      "/home/developer/task/invoice-image-app/check-invoice-app/app/helpers/check_invoices_helper.rb": {
        "lines": [
          0,
          0
        ],
        "branches": {}
      },
      "/home/developer/task/invoice-image-app/check-invoice-app/app/helpers/checks_helper.rb": {
        "lines": [
          0,
          0
        ],
        "branches": {}
      },
      "/home/developer/task/invoice-image-app/check-invoice-app/app/helpers/companies_helper.rb": {
        "lines": [
          0,
          0
        ],
        "branches": {}
      },
      "/home/developer/task/invoice-image-app/check-invoice-app/app/helpers/invoices_helper.rb": {
        "lines": [
          0,
          0
        ],
        "branches": {}
      },
      "/home/developer/task/invoice-image-app/check-invoice-app/app/jobs/application_job.rb": {
        "lines": [
          0,
          null,
          null,
          null,
          null,
          null,
          0
        ],
        "branches": {}
      },
      "/home/developer/task/invoice-image-app/check-invoice-app/app/mailers/application_mailer.rb": {
        "lines": [
          0,
          0,
          0,
          0
        ],
        "branches": {}
      }
    },
    "timestamp": 1743515520
  }
}
